This file contains any messages produced by compilers while
running configure, to aid debugging if configure makes a mistake.

It was created by primtest configure 1.0, which was
generated by GNU Autoconf 2.71.  Invocation command line was

  $ ./configure

## --------- ##
## Platform. ##
## --------- ##

hostname = debian
uname -m = x86_64
uname -r = 5.8.0-1-amd64
uname -s = Linux
uname -v = #1 SMP Debian 5.8.7-1 (2020-09-05)

/usr/bin/uname -p = unknown
/bin/uname -X     = unknown

/bin/arch              = x86_64
/usr/bin/arch -k       = unknown
/usr/convex/getsysinfo = unknown
/usr/bin/hostinfo      = unknown
/bin/machine           = unknown
/usr/bin/oslevel       = unknown
/bin/universe          = unknown

PATH: /opt/conda/condabin/
PATH: /usr/local/bin/
PATH: /usr/bin/
PATH: /bin/
PATH: /usr/local/games/
PATH: /usr/games/


## ----------- ##
## Core tests. ##
## ----------- ##

configure:2212: looking for aux files: config.guess config.sub
configure:2225:  trying ./
configure:2254:   ./config.guess found
configure:2254:   ./config.sub found
configure:2365: Configuration du programme sur votre système.
configure:2378: checking build system type
configure:2393: result: x86_64-unknown-linux-gnu
configure:2413: checking host system type
configure:2427: result: x86_64-unknown-linux-gnu
configure:2515: checking for gcc
configure:2536: found /usr/bin/gcc
configure:2547: result: gcc
configure:2900: checking for C compiler version
configure:2909: gcc --version >&5
gcc (Debian 10.2.0-7) 10.2.0
Copyright (C) 2020 Free Software Foundation, Inc.
This is free software; see the source for copying conditions.  There is NO
warranty; not even for MERCHANTABILITY or FITNESS FOR A PARTICULAR PURPOSE.

configure:2920: $? = 0
configure:2909: gcc -v >&5
Using built-in specs.
COLLECT_GCC=gcc
COLLECT_LTO_WRAPPER=/usr/lib/gcc/x86_64-linux-gnu/10/lto-wrapper
OFFLOAD_TARGET_NAMES=nvptx-none:amdgcn-amdhsa:hsa
OFFLOAD_TARGET_DEFAULT=1
Target: x86_64-linux-gnu
Configured with: ../src/configure -v --with-pkgversion='Debian 10.2.0-7' --with-bugurl=file:///usr/share/doc/gcc-10/README.Bugs --enable-languages=c,ada,c++,go,brig,d,fortran,objc,obj-c++,m2 --prefix=/usr --with-gcc-major-version-only --program-suffix=-10 --program-prefix=x86_64-linux-gnu- --enable-shared --enable-linker-build-id --libexecdir=/usr/lib --without-included-gettext --enable-threads=posix --libdir=/usr/lib --enable-nls --enable-clocale=gnu --enable-libstdcxx-debug --enable-libstdcxx-time=yes --with-default-libstdcxx-abi=new --enable-gnu-unique-object --disable-vtable-verify --enable-plugin --enable-default-pie --with-system-zlib --enable-libphobos-checking=release --with-target-system-zlib=auto --enable-objc-gc=auto --enable-multiarch --disable-werror --with-arch-32=i686 --with-abi=m64 --with-multilib-list=m32,m64,mx32 --enable-multilib --with-tune=generic --enable-offload-targets=nvptx-none=/build/gcc-10-VsYhcR/gcc-10-10.2.0/debian/tmp-nvptx/usr,amdgcn-amdhsa=/build/gcc-10-VsYhcR/gcc-10-10.2.0/debian/tmp-gcn/usr,hsa --without-cuda-driver --enable-checking=release --build=x86_64-linux-gnu --host=x86_64-linux-gnu --target=x86_64-linux-gnu
Thread model: posix
Supported LTO compression algorithms: zlib zstd
gcc version 10.2.0 (Debian 10.2.0-7) 
... rest of stderr output deleted ...
configure:2920: $? = 0
configure:2909: gcc -V >&5
gcc: error: unrecognized command-line option '-V'
gcc: fatal error: no input files
compilation terminated.
configure:2920: $? = 1
configure:2909: gcc -qversion >&5
gcc: error: unrecognized command-line option '-qversion'; did you mean '--version'?
gcc: fatal error: no input files
compilation terminated.
configure:2920: $? = 1
configure:2909: gcc -version >&5
gcc: error: unrecognized command-line option '-version'
gcc: fatal error: no input files
compilation terminated.
configure:2920: $? = 1
configure:2940: checking whether the C compiler works
configure:2962: gcc    conftest.c  >&5
configure:2966: $? = 0
configure:3016: result: yes
configure:3019: checking for C compiler default output file name
configure:3021: result: a.out
configure:3027: checking for suffix of executables
configure:3034: gcc -o conftest    conftest.c  >&5
configure:3038: $? = 0
configure:3061: result: 
configure:3083: checking whether we are cross compiling
configure:3091: gcc -o conftest    conftest.c  >&5
configure:3095: $? = 0
configure:3102: ./conftest
configure:3106: $? = 0
configure:3094: result: no
configure:3099: checking for suffix of object files
configure:3122: gcc -c   conftest.c >&5
configure:3126: $? = 0
configure:3148: result: o
configure:3152: checking whether the compiler supports GNU C
configure:3172: gcc -c   conftest.c >&5
configure:3172: $? = 0
configure:3182: result: yes
configure:3193: checking whether gcc accepts -g
configure:3214: gcc -c -g  conftest.c >&5
configure:3214: $? = 0
configure:3258: result: yes
configure:3278: checking for gcc option to enable C11 features
configure:3293: gcc  -c -g -O2  conftest.c >&5
configure:3293: $? = 0
configure:3311: result: none needed
configure:3424: checking for __gmpz_init in -lgmp
configure:3447: gcc -o conftest -g -O2   conftest.c -lgmp   >&5
configure:3447: $? = 0
configure:3457: result: yes
configure:3482: checking for stdio.h
configure:3482: gcc -c -c -Wall -g  conftest.c >&5
configure:3482: $? = 0
configure:3482: result: yes
configure:3482: checking for stdlib.h
configure:3482: gcc -c -c -Wall -g  conftest.c >&5
configure:3482: $? = 0
configure:3482: result: yes
configure:3482: checking for string.h
configure:3482: gcc -c -c -Wall -g  conftest.c >&5
configure:3482: $? = 0
configure:3482: result: yes
configure:3482: checking for inttypes.h
configure:3482: gcc -c -c -Wall -g  conftest.c >&5
configure:3482: $? = 0
configure:3482: result: yes
configure:3482: checking for stdint.h
configure:3482: gcc -c -c -Wall -g  conftest.c >&5
configure:3482: $? = 0
configure:3482: result: yes
configure:3482: checking for strings.h
configure:3482: gcc -c -c -Wall -g  conftest.c >&5
configure:3482: $? = 0
configure:3482: result: yes
configure:3482: checking for sys/stat.h
configure:3482: gcc -c -c -Wall -g  conftest.c >&5
configure:3482: $? = 0
configure:3482: result: yes
configure:3482: checking for sys/types.h
configure:3482: gcc -c -c -Wall -g  conftest.c >&5
configure:3482: $? = 0
configure:3482: result: yes
configure:3482: checking for unistd.h
configure:3482: gcc -c -c -Wall -g  conftest.c >&5
configure:3482: $? = 0
configure:3482: result: yes
configure:3507: checking for gmp.h
configure:3507: gcc -c -c -Wall -g  conftest.c >&5
configure:3507: $? = 0
configure:3507: result: yes
configure:3516: checking for GNU libc compatible malloc
configure:3548: gcc -o conftest -c -Wall -g  -lm -lgmp conftest.c -lgmp  >&5
configure:3548: $? = 0
configure:3548: ./conftest
./configure: line 1568: ./conftest: Permission denied
configure:3548: $? = 126
configure: program exited with status 126
configure: failed program was:
| /* confdefs.h */
| #define PACKAGE_NAME "primtest"
| #define PACKAGE_TARNAME "primtest"
| #define PACKAGE_VERSION "1.0"
| #define PACKAGE_STRING "primtest 1.0"
| #define PACKAGE_BUGREPORT "romain.villa@ens.uvsq.fr"
| #define PACKAGE_URL ""
| #define HAVE_LIBGMP 1
| #define OBJS "main.o utils.o"
| #define HAVE_STDIO_H 1
| #define HAVE_STDLIB_H 1
| #define HAVE_STRING_H 1
| #define HAVE_INTTYPES_H 1
| #define HAVE_STDINT_H 1
| #define HAVE_STRINGS_H 1
| #define HAVE_SYS_STAT_H 1
| #define HAVE_SYS_TYPES_H 1
| #define HAVE_UNISTD_H 1
| #define STDC_HEADERS 1
| #define HAVE_GMP_H 1
| /* end confdefs.h.  */
| #include <stdlib.h>
| 
| int
| main (void)
| {
| void *p = malloc (0);
| 		   int result = !p;
| 		   free (p);
| 		   return result;
|   ;
|   return 0;
| }
configure:3559: result: no
configure:3690: creating ./config.status

## ---------------------- ##
## Running config.status. ##
## ---------------------- ##

This file was extended by primtest config.status 1.0, which was
generated by GNU Autoconf 2.71.  Invocation command line was

  CONFIG_FILES    = 
  CONFIG_HEADERS  = 
  CONFIG_LINKS    = 
  CONFIG_COMMANDS = 
  $ ./config.status 

on debian

config.status:798: creating src/Makefile
config.status:798: creating src/config.h
config.status:968: src/config.h is unchanged

## ---------------- ##
## Cache variables. ##
## ---------------- ##

ac_cv_build=x86_64-unknown-linux-gnu
ac_cv_c_compiler_gnu=yes
ac_cv_env_CC_set=
ac_cv_env_CC_value=
ac_cv_env_CFLAGS_set=
ac_cv_env_CFLAGS_value=
ac_cv_env_CPPFLAGS_set=
ac_cv_env_CPPFLAGS_value=
ac_cv_env_LDFLAGS_set=
ac_cv_env_LDFLAGS_value=
ac_cv_env_LIBS_set=
ac_cv_env_LIBS_value=
ac_cv_env_build_alias_set=
ac_cv_env_build_alias_value=
ac_cv_env_host_alias_set=
ac_cv_env_host_alias_value=
ac_cv_env_target_alias_set=
ac_cv_env_target_alias_value=
ac_cv_func_malloc_0_nonnull=no
ac_cv_header_gmp_h=yes
ac_cv_header_inttypes_h=yes
ac_cv_header_stdint_h=yes
ac_cv_header_stdio_h=yes
ac_cv_header_stdlib_h=yes
ac_cv_header_string_h=yes
ac_cv_header_strings_h=yes
ac_cv_header_sys_stat_h=yes
ac_cv_header_sys_types_h=yes
ac_cv_header_unistd_h=yes
ac_cv_host=x86_64-unknown-linux-gnu
ac_cv_lib_gmp___gmpz_init=yes
ac_cv_objext=o
ac_cv_prog_ac_ct_CC=gcc
ac_cv_prog_cc_c11=
ac_cv_prog_cc_g=yes
ac_cv_prog_cc_stdc=

## ----------------- ##
## Output variables. ##
## ----------------- ##

CC='gcc'
CFLAGS='-c -Wall -g'
CPPFLAGS=''
DEFS='-DHAVE_CONFIG_H'
ECHO_C=''
ECHO_N='-n'
ECHO_T=''
EXEEXT=''
LDFLAGS='-lm -lgmp'
LIBOBJS=' ${LIBOBJDIR}malloc$U.o'
LIBS='-lgmp '
LTLIBOBJS=' ${LIBOBJDIR}malloc$U.lo'
OBJEXT='o'
OBJS='main.o utils.o'
PACKAGE_BUGREPORT='romain.villa@ens.uvsq.fr'
PACKAGE_NAME='primtest'
PACKAGE_STRING='primtest 1.0'
PACKAGE_TARNAME='primtest'
PACKAGE_URL=''
PACKAGE_VERSION='1.0'
PATH_SEPARATOR=':'
SHELL='/bin/bash'
ac_ct_CC='gcc'
bindir='${exec_prefix}/bin'
build='x86_64-unknown-linux-gnu'
build_alias=''
build_cpu='x86_64'
build_os='linux-gnu'
build_vendor='unknown'
datadir='${datarootdir}'
datarootdir='${prefix}/share'
docdir='${datarootdir}/doc/${PACKAGE_TARNAME}'
dvidir='${docdir}'
exec_prefix='${prefix}'
host='x86_64-unknown-linux-gnu'
host_alias=''
host_cpu='x86_64'
host_os='linux-gnu'
host_vendor='unknown'
htmldir='${docdir}'
includedir='${prefix}/include'
infodir='${datarootdir}/info'
libdir='${exec_prefix}/lib'
libexecdir='${exec_prefix}/libexec'
localedir='${datarootdir}/locale'
localstatedir='${prefix}/var'
mandir='${datarootdir}/man'
oldincludedir='/usr/include'
pdfdir='${docdir}'
prefix='/home/user/Bureau/test_primalite'
program_transform_name='s,x,x,'
psdir='${docdir}'
runstatedir='${localstatedir}/run'
sbindir='${exec_prefix}/sbin'
sharedstatedir='${prefix}/com'
sysconfdir='${prefix}/etc'
target_alias=''

## ----------- ##
## confdefs.h. ##
## ----------- ##

/* confdefs.h */
#define PACKAGE_NAME "primtest"
#define PACKAGE_TARNAME "primtest"
#define PACKAGE_VERSION "1.0"
#define PACKAGE_STRING "primtest 1.0"
#define PACKAGE_BUGREPORT "romain.villa@ens.uvsq.fr"
#define PACKAGE_URL ""
#define HAVE_LIBGMP 1
#define OBJS "main.o utils.o"
#define HAVE_STDIO_H 1
#define HAVE_STDLIB_H 1
#define HAVE_STRING_H 1
#define HAVE_INTTYPES_H 1
#define HAVE_STDINT_H 1
#define HAVE_STRINGS_H 1
#define HAVE_SYS_STAT_H 1
#define HAVE_SYS_TYPES_H 1
#define HAVE_UNISTD_H 1
#define STDC_HEADERS 1
#define HAVE_GMP_H 1
#define HAVE_MALLOC 0
#define malloc rpl_malloc

configure: exit 0
